C:\USERS\ZENTIC\DOCUMENTS\SENECA\GAM666\DPS901_103REP10\TRUNK\ASSIGNMENT 2 GROUP SUBMISSION\TENTH FLOOR MAZE\TENTH FLOOR MAZE\CONTROLLER\DEBUG\10THFLOOR.EXE.EMBED.MANIFEST
C:\USERS\ZENTIC\DOCUMENTS\SENECA\GAM666\DPS901_103REP10\TRUNK\ASSIGNMENT 2 GROUP SUBMISSION\TENTH FLOOR MAZE\TENTH FLOOR MAZE\CONTROLLER\DEBUG\10THFLOOR.EXE.EMBED.MANIFEST.RES
C:\USERS\ZENTIC\DOCUMENTS\SENECA\GAM666\DPS901_103REP10\TRUNK\ASSIGNMENT 2 GROUP SUBMISSION\TENTH FLOOR MAZE\TENTH FLOOR MAZE\CONTROLLER\DEBUG\10THFLOOR.EXE.INTERMEDIATE.MANIFEST
C:\Users\Zentic\Documents\Seneca\GAM666\dps901_103rep10\trunk\Assignment 2 Group Submission\Tenth Floor Maze\Tenth Floor Maze\Controller\Debug\10thFloor_manifest.rc
C:\USERS\ZENTIC\DOCUMENTS\SENECA\GAM666\DPS901_103REP10\TRUNK\ASSIGNMENT 2 GROUP SUBMISSION\TENTH FLOOR MAZE\TENTH FLOOR MAZE\CONTROLLER\DEBUG\AUDIO.OBJ
C:\USERS\ZENTIC\DOCUMENTS\SENECA\GAM666\DPS901_103REP10\TRUNK\ASSIGNMENT 2 GROUP SUBMISSION\TENTH FLOOR MAZE\TENTH FLOOR MAZE\CONTROLLER\DEBUG\CAMERA.OBJ
C:\Users\Zentic\Documents\Seneca\GAM666\dps901_103rep10\trunk\Assignment 2 Group Submission\Tenth Floor Maze\Tenth Floor Maze\Controller\Debug\cl.command.1.tlog
C:\Users\Zentic\Documents\Seneca\GAM666\dps901_103rep10\trunk\Assignment 2 Group Submission\Tenth Floor Maze\Tenth Floor Maze\Controller\Debug\CL.read.1.tlog
C:\Users\Zentic\Documents\Seneca\GAM666\dps901_103rep10\trunk\Assignment 2 Group Submission\Tenth Floor Maze\Tenth Floor Maze\Controller\Debug\CL.write.1.tlog
C:\USERS\ZENTIC\DOCUMENTS\SENECA\GAM666\DPS901_103REP10\TRUNK\ASSIGNMENT 2 GROUP SUBMISSION\TENTH FLOOR MAZE\TENTH FLOOR MAZE\CONTROLLER\DEBUG\CONTEXT.OBJ
C:\USERS\ZENTIC\DOCUMENTS\SENECA\GAM666\DPS901_103REP10\TRUNK\ASSIGNMENT 2 GROUP SUBMISSION\TENTH FLOOR MAZE\TENTH FLOOR MAZE\CONTROLLER\DEBUG\DESIGN.OBJ
C:\USERS\ZENTIC\DOCUMENTS\SENECA\GAM666\DPS901_103REP10\TRUNK\ASSIGNMENT 2 GROUP SUBMISSION\TENTH FLOOR MAZE\TENTH FLOOR MAZE\CONTROLLER\DEBUG\DEVICELIGHT.OBJ
C:\USERS\ZENTIC\DOCUMENTS\SENECA\GAM666\DPS901_103REP10\TRUNK\ASSIGNMENT 2 GROUP SUBMISSION\TENTH FLOOR MAZE\TENTH FLOOR MAZE\CONTROLLER\DEBUG\DEVICETEXTURE.OBJ
C:\USERS\ZENTIC\DOCUMENTS\SENECA\GAM666\DPS901_103REP10\TRUNK\ASSIGNMENT 2 GROUP SUBMISSION\TENTH FLOOR MAZE\TENTH FLOOR MAZE\CONTROLLER\DEBUG\DIALOG.RES
C:\USERS\ZENTIC\DOCUMENTS\SENECA\GAM666\DPS901_103REP10\TRUNK\ASSIGNMENT 2 GROUP SUBMISSION\TENTH FLOOR MAZE\TENTH FLOOR MAZE\CONTROLLER\DEBUG\DISPLAY.OBJ
C:\USERS\ZENTIC\DOCUMENTS\SENECA\GAM666\DPS901_103REP10\TRUNK\ASSIGNMENT 2 GROUP SUBMISSION\TENTH FLOOR MAZE\TENTH FLOOR MAZE\CONTROLLER\DEBUG\ENGINE.OBJ
C:\USERS\ZENTIC\DOCUMENTS\SENECA\GAM666\DPS901_103REP10\TRUNK\ASSIGNMENT 2 GROUP SUBMISSION\TENTH FLOOR MAZE\TENTH FLOOR MAZE\CONTROLLER\DEBUG\ENTRY.OBJ
C:\USERS\ZENTIC\DOCUMENTS\SENECA\GAM666\DPS901_103REP10\TRUNK\ASSIGNMENT 2 GROUP SUBMISSION\TENTH FLOOR MAZE\TENTH FLOOR MAZE\CONTROLLER\DEBUG\FONT.OBJ
C:\USERS\ZENTIC\DOCUMENTS\SENECA\GAM666\DPS901_103REP10\TRUNK\ASSIGNMENT 2 GROUP SUBMISSION\TENTH FLOOR MAZE\TENTH FLOOR MAZE\CONTROLLER\DEBUG\FRAME.OBJ
C:\USERS\ZENTIC\DOCUMENTS\SENECA\GAM666\DPS901_103REP10\TRUNK\ASSIGNMENT 2 GROUP SUBMISSION\TENTH FLOOR MAZE\TENTH FLOOR MAZE\CONTROLLER\DEBUG\FRAMEWORK.OBJ
C:\USERS\ZENTIC\DOCUMENTS\SENECA\GAM666\DPS901_103REP10\TRUNK\ASSIGNMENT 2 GROUP SUBMISSION\TENTH FLOOR MAZE\TENTH FLOOR MAZE\CONTROLLER\DEBUG\GRAPHIC.OBJ
C:\USERS\ZENTIC\DOCUMENTS\SENECA\GAM666\DPS901_103REP10\TRUNK\ASSIGNMENT 2 GROUP SUBMISSION\TENTH FLOOR MAZE\TENTH FLOOR MAZE\CONTROLLER\DEBUG\HUD.OBJ
C:\USERS\ZENTIC\DOCUMENTS\SENECA\GAM666\DPS901_103REP10\TRUNK\ASSIGNMENT 2 GROUP SUBMISSION\TENTH FLOOR MAZE\TENTH FLOOR MAZE\CONTROLLER\DEBUG\HUDTEXTURE.OBJ
C:\USERS\ZENTIC\DOCUMENTS\SENECA\GAM666\DPS901_103REP10\TRUNK\ASSIGNMENT 2 GROUP SUBMISSION\TENTH FLOOR MAZE\TENTH FLOOR MAZE\CONTROLLER\DEBUG\INPUT.OBJ
C:\USERS\ZENTIC\DOCUMENTS\SENECA\GAM666\DPS901_103REP10\TRUNK\ASSIGNMENT 2 GROUP SUBMISSION\TENTH FLOOR MAZE\TENTH FLOOR MAZE\CONTROLLER\DEBUG\LIGHT.OBJ
C:\USERS\ZENTIC\DOCUMENTS\SENECA\GAM666\DPS901_103REP10\TRUNK\ASSIGNMENT 2 GROUP SUBMISSION\TENTH FLOOR MAZE\TENTH FLOOR MAZE\CONTROLLER\DEBUG\LIGHTING.OBJ
C:\Users\Zentic\Documents\Seneca\GAM666\dps901_103rep10\trunk\Assignment 2 Group Submission\Tenth Floor Maze\Tenth Floor Maze\Controller\Debug\link.command.1.tlog
C:\Users\Zentic\Documents\Seneca\GAM666\dps901_103rep10\trunk\Assignment 2 Group Submission\Tenth Floor Maze\Tenth Floor Maze\Controller\Debug\link.read.1.tlog
C:\Users\Zentic\Documents\Seneca\GAM666\dps901_103rep10\trunk\Assignment 2 Group Submission\Tenth Floor Maze\Tenth Floor Maze\Controller\Debug\link.write.1.tlog
C:\Users\Zentic\Documents\Seneca\GAM666\dps901_103rep10\trunk\Assignment 2 Group Submission\Tenth Floor Maze\Tenth Floor Maze\Controller\Debug\link-cvtres.read.1.tlog
C:\Users\Zentic\Documents\Seneca\GAM666\dps901_103rep10\trunk\Assignment 2 Group Submission\Tenth Floor Maze\Tenth Floor Maze\Controller\Debug\link-cvtres.write.1.tlog
C:\Users\Zentic\Documents\Seneca\GAM666\dps901_103rep10\trunk\Assignment 2 Group Submission\Tenth Floor Maze\Tenth Floor Maze\Controller\Debug\mt.command.1.tlog
C:\Users\Zentic\Documents\Seneca\GAM666\dps901_103rep10\trunk\Assignment 2 Group Submission\Tenth Floor Maze\Tenth Floor Maze\Controller\Debug\mt.read.1.tlog
C:\Users\Zentic\Documents\Seneca\GAM666\dps901_103rep10\trunk\Assignment 2 Group Submission\Tenth Floor Maze\Tenth Floor Maze\Controller\Debug\mt.write.1.tlog
C:\USERS\ZENTIC\DOCUMENTS\SENECA\GAM666\DPS901_103REP10\TRUNK\ASSIGNMENT 2 GROUP SUBMISSION\TENTH FLOOR MAZE\TENTH FLOOR MAZE\CONTROLLER\DEBUG\OBJECT.OBJ
C:\Users\Zentic\Documents\Seneca\GAM666\dps901_103rep10\trunk\Assignment 2 Group Submission\Tenth Floor Maze\Tenth Floor Maze\Controller\Debug\rc.command.1.tlog
C:\Users\Zentic\Documents\Seneca\GAM666\dps901_103rep10\trunk\Assignment 2 Group Submission\Tenth Floor Maze\Tenth Floor Maze\Controller\Debug\rc.read.1.tlog
C:\Users\Zentic\Documents\Seneca\GAM666\dps901_103rep10\trunk\Assignment 2 Group Submission\Tenth Floor Maze\Tenth Floor Maze\Controller\Debug\rc.write.1.tlog
C:\USERS\ZENTIC\DOCUMENTS\SENECA\GAM666\DPS901_103REP10\TRUNK\ASSIGNMENT 2 GROUP SUBMISSION\TENTH FLOOR MAZE\TENTH FLOOR MAZE\CONTROLLER\DEBUG\SCENE.OBJ
C:\USERS\ZENTIC\DOCUMENTS\SENECA\GAM666\DPS901_103REP10\TRUNK\ASSIGNMENT 2 GROUP SUBMISSION\TENTH FLOOR MAZE\TENTH FLOOR MAZE\CONTROLLER\DEBUG\SEGMENT.OBJ
C:\USERS\ZENTIC\DOCUMENTS\SENECA\GAM666\DPS901_103REP10\TRUNK\ASSIGNMENT 2 GROUP SUBMISSION\TENTH FLOOR MAZE\TENTH FLOOR MAZE\CONTROLLER\DEBUG\SOUND.OBJ
C:\USERS\ZENTIC\DOCUMENTS\SENECA\GAM666\DPS901_103REP10\TRUNK\ASSIGNMENT 2 GROUP SUBMISSION\TENTH FLOOR MAZE\TENTH FLOOR MAZE\CONTROLLER\DEBUG\SOUNDCARD.OBJ
C:\USERS\ZENTIC\DOCUMENTS\SENECA\GAM666\DPS901_103REP10\TRUNK\ASSIGNMENT 2 GROUP SUBMISSION\TENTH FLOOR MAZE\TENTH FLOOR MAZE\CONTROLLER\DEBUG\TEXT.OBJ
C:\USERS\ZENTIC\DOCUMENTS\SENECA\GAM666\DPS901_103REP10\TRUNK\ASSIGNMENT 2 GROUP SUBMISSION\TENTH FLOOR MAZE\TENTH FLOOR MAZE\CONTROLLER\DEBUG\TEXTURE.OBJ
C:\USERS\ZENTIC\DOCUMENTS\SENECA\GAM666\DPS901_103REP10\TRUNK\ASSIGNMENT 2 GROUP SUBMISSION\TENTH FLOOR MAZE\TENTH FLOOR MAZE\CONTROLLER\DEBUG\USERDIALOG.OBJ
C:\USERS\ZENTIC\DOCUMENTS\SENECA\GAM666\DPS901_103REP10\TRUNK\ASSIGNMENT 2 GROUP SUBMISSION\TENTH FLOOR MAZE\TENTH FLOOR MAZE\CONTROLLER\DEBUG\UTILITIES.OBJ
C:\Users\Zentic\Documents\Seneca\GAM666\dps901_103rep10\trunk\Assignment 2 Group Submission\Tenth Floor Maze\Tenth Floor Maze\Controller\Debug\vc100.idb
C:\USERS\ZENTIC\DOCUMENTS\SENECA\GAM666\DPS901_103REP10\TRUNK\ASSIGNMENT 2 GROUP SUBMISSION\TENTH FLOOR MAZE\TENTH FLOOR MAZE\CONTROLLER\DEBUG\VC100.PDB
C:\USERS\ZENTIC\DOCUMENTS\SENECA\GAM666\DPS901_103REP10\TRUNK\ASSIGNMENT 2 GROUP SUBMISSION\TENTH FLOOR MAZE\TENTH FLOOR MAZE\CONTROLLER\DEBUG\VERTEXLIST.OBJ
C:\USERS\ZENTIC\DOCUMENTS\SENECA\GAM666\DPS901_103REP10\TRUNK\ASSIGNMENT 2 GROUP SUBMISSION\TENTH FLOOR MAZE\TENTH FLOOR MAZE\CONTROLLER\DEBUG\VIEWING.OBJ
C:\USERS\ZENTIC\DOCUMENTS\SENECA\GAM666\DPS901_103REP10\TRUNK\ASSIGNMENT 2 GROUP SUBMISSION\TENTH FLOOR MAZE\TENTH FLOOR MAZE\CONTROLLER\DEBUG\WINDOW.OBJ
C:\USERS\ZENTIC\DOCUMENTS\SENECA\GAM666\DPS901_103REP10\TRUNK\ASSIGNMENT 2 GROUP SUBMISSION\TENTH FLOOR MAZE\TENTH FLOOR MAZE\DEBUG\10THFLOOR.EXE
C:\USERS\ZENTIC\DOCUMENTS\SENECA\GAM666\DPS901_103REP10\TRUNK\ASSIGNMENT 2 GROUP SUBMISSION\TENTH FLOOR MAZE\TENTH FLOOR MAZE\DEBUG\10THFLOOR.ILK
C:\USERS\ZENTIC\DOCUMENTS\SENECA\GAM666\DPS901_103REP10\TRUNK\ASSIGNMENT 2 GROUP SUBMISSION\TENTH FLOOR MAZE\TENTH FLOOR MAZE\DEBUG\10THFLOOR.PDB
