Build started 08/12/2010 10:09:59 AM.
     1>Project "C:\Users\Zentic\Documents\Seneca\GAM666\dps901_103rep10\trunk\Assignment 2 Group Submission\Tenth Floor Maze\Tenth Floor Maze\Controller\Controller.vcxproj" on node 2 (build target(s)).
     1>InitializeBuildStatus:
         Creating "Debug\10thFloor.unsuccessfulbuild" because "AlwaysCreate" was specified.
       ClCompile:
         C:\Program Files\Microsoft Visual Studio 10.0\VC\bin\CL.exe /c /ZI /nologo /W3 /WX- /Od /Oy- /D WIN32 /D _DEBUG /D _WINDOWS /D _UNICODE /D UNICODE /Gm /EHsc /RTC1 /MDd /GS /fp:precise /Zc:wchar_t /Zc:forScope /Fo"Debug\\" /Fd"Debug\vc100.pdb" /Gd /TP /analyze- /errorReport:prompt Design.cpp
         Design.cpp
     1>c:\users\zentic\documents\seneca\gam666\dps901_103rep10\trunk\assignment 2 group submission\tenth floor maze\tenth floor maze\controller\design.cpp(348): warning C4996: 'strtok': This function or variable may be unsafe. Consider using strtok_s instead. To disable deprecation, use _CRT_SECURE_NO_WARNINGS. See online help for details.
                 c:\program files\microsoft visual studio 10.0\vc\include\string.h(197) : see declaration of 'strtok'
     1>c:\users\zentic\documents\seneca\gam666\dps901_103rep10\trunk\assignment 2 group submission\tenth floor maze\tenth floor maze\controller\design.cpp(399): warning C4996: 'sprintf': This function or variable may be unsafe. Consider using sprintf_s instead. To disable deprecation, use _CRT_SECURE_NO_WARNINGS. See online help for details.
                 c:\program files\microsoft visual studio 10.0\vc\include\stdio.h(371) : see declaration of 'sprintf'
     1>c:\users\zentic\documents\seneca\gam666\dps901_103rep10\trunk\assignment 2 group submission\tenth floor maze\tenth floor maze\controller\design.cpp(422): warning C4996: 'strtok': This function or variable may be unsafe. Consider using strtok_s instead. To disable deprecation, use _CRT_SECURE_NO_WARNINGS. See online help for details.
                 c:\program files\microsoft visual studio 10.0\vc\include\string.h(197) : see declaration of 'strtok'
     1>c:\users\zentic\documents\seneca\gam666\dps901_103rep10\trunk\assignment 2 group submission\tenth floor maze\tenth floor maze\controller\design.cpp(493): warning C4996: 'strtok': This function or variable may be unsafe. Consider using strtok_s instead. To disable deprecation, use _CRT_SECURE_NO_WARNINGS. See online help for details.
                 c:\program files\microsoft visual studio 10.0\vc\include\string.h(197) : see declaration of 'strtok'
     1>c:\users\zentic\documents\seneca\gam666\dps901_103rep10\trunk\assignment 2 group submission\tenth floor maze\tenth floor maze\controller\design.cpp(497): warning C4996: 'strtok': This function or variable may be unsafe. Consider using strtok_s instead. To disable deprecation, use _CRT_SECURE_NO_WARNINGS. See online help for details.
                 c:\program files\microsoft visual studio 10.0\vc\include\string.h(197) : see declaration of 'strtok'
     1>c:\users\zentic\documents\seneca\gam666\dps901_103rep10\trunk\assignment 2 group submission\tenth floor maze\tenth floor maze\controller\design.cpp(505): warning C4996: 'strtok': This function or variable may be unsafe. Consider using strtok_s instead. To disable deprecation, use _CRT_SECURE_NO_WARNINGS. See online help for details.
                 c:\program files\microsoft visual studio 10.0\vc\include\string.h(197) : see declaration of 'strtok'
     1>c:\users\zentic\documents\seneca\gam666\dps901_103rep10\trunk\assignment 2 group submission\tenth floor maze\tenth floor maze\controller\design.cpp(771): warning C4244: 'argument' : conversion from 'double' to 'float', possible loss of data
     1>c:\users\zentic\documents\seneca\gam666\dps901_103rep10\trunk\assignment 2 group submission\tenth floor maze\tenth floor maze\controller\design.cpp(775): warning C4244: 'argument' : conversion from 'double' to 'float', possible loss of data
     1>c:\users\zentic\documents\seneca\gam666\dps901_103rep10\trunk\assignment 2 group submission\tenth floor maze\tenth floor maze\controller\design.cpp(987): warning C4244: 'initializing' : conversion from 'int' to 'float', possible loss of data
     1>c:\users\zentic\documents\seneca\gam666\dps901_103rep10\trunk\assignment 2 group submission\tenth floor maze\tenth floor maze\controller\design.cpp(1190): warning C4244: 'argument' : conversion from 'int' to 'float', possible loss of data
     1>c:\users\zentic\documents\seneca\gam666\dps901_103rep10\trunk\assignment 2 group submission\tenth floor maze\tenth floor maze\controller\design.cpp(1191): warning C4244: 'argument' : conversion from 'int' to 'float', possible loss of data
     1>c:\users\zentic\documents\seneca\gam666\dps901_103rep10\trunk\assignment 2 group submission\tenth floor maze\tenth floor maze\controller\design.cpp(1192): warning C4244: 'argument' : conversion from 'int' to 'float', possible loss of data
     1>c:\users\zentic\documents\seneca\gam666\dps901_103rep10\trunk\assignment 2 group submission\tenth floor maze\tenth floor maze\controller\design.cpp(1193): warning C4244: 'argument' : conversion from 'int' to 'float', possible loss of data
     1>c:\users\zentic\documents\seneca\gam666\dps901_103rep10\trunk\assignment 2 group submission\tenth floor maze\tenth floor maze\controller\design.cpp(1545): warning C4996: 'fopen': This function or variable may be unsafe. Consider using fopen_s instead. To disable deprecation, use _CRT_SECURE_NO_WARNINGS. See online help for details.
                 c:\program files\microsoft visual studio 10.0\vc\include\stdio.h(234) : see declaration of 'fopen'
     1>c:\users\zentic\documents\seneca\gam666\dps901_103rep10\trunk\assignment 2 group submission\tenth floor maze\tenth floor maze\controller\design.cpp(1560): warning C4996: 'strtok': This function or variable may be unsafe. Consider using strtok_s instead. To disable deprecation, use _CRT_SECURE_NO_WARNINGS. See online help for details.
                 c:\program files\microsoft visual studio 10.0\vc\include\string.h(197) : see declaration of 'strtok'
     1>c:\users\zentic\documents\seneca\gam666\dps901_103rep10\trunk\assignment 2 group submission\tenth floor maze\tenth floor maze\controller\design.cpp(1564): warning C4996: 'strtok': This function or variable may be unsafe. Consider using strtok_s instead. To disable deprecation, use _CRT_SECURE_NO_WARNINGS. See online help for details.
                 c:\program files\microsoft visual studio 10.0\vc\include\string.h(197) : see declaration of 'strtok'
     1>c:\users\zentic\documents\seneca\gam666\dps901_103rep10\trunk\assignment 2 group submission\tenth floor maze\tenth floor maze\controller\design.cpp(1567): warning C4996: 'strtok': This function or variable may be unsafe. Consider using strtok_s instead. To disable deprecation, use _CRT_SECURE_NO_WARNINGS. See online help for details.
                 c:\program files\microsoft visual studio 10.0\vc\include\string.h(197) : see declaration of 'strtok'
     1>c:\users\zentic\documents\seneca\gam666\dps901_103rep10\trunk\assignment 2 group submission\tenth floor maze\tenth floor maze\controller\design.cpp(1572): warning C4996: 'strtok': This function or variable may be unsafe. Consider using strtok_s instead. To disable deprecation, use _CRT_SECURE_NO_WARNINGS. See online help for details.
                 c:\program files\microsoft visual studio 10.0\vc\include\string.h(197) : see declaration of 'strtok'
     1>c:\users\zentic\documents\seneca\gam666\dps901_103rep10\trunk\assignment 2 group submission\tenth floor maze\tenth floor maze\controller\design.cpp(1586): warning C4996: 'strtok': This function or variable may be unsafe. Consider using strtok_s instead. To disable deprecation, use _CRT_SECURE_NO_WARNINGS. See online help for details.
                 c:\program files\microsoft visual studio 10.0\vc\include\string.h(197) : see declaration of 'strtok'
     1>c:\users\zentic\documents\seneca\gam666\dps901_103rep10\trunk\assignment 2 group submission\tenth floor maze\tenth floor maze\controller\design.cpp(1590): warning C4996: 'strtok': This function or variable may be unsafe. Consider using strtok_s instead. To disable deprecation, use _CRT_SECURE_NO_WARNINGS. See online help for details.
                 c:\program files\microsoft visual studio 10.0\vc\include\string.h(197) : see declaration of 'strtok'
     1>c:\users\zentic\documents\seneca\gam666\dps901_103rep10\trunk\assignment 2 group submission\tenth floor maze\tenth floor maze\controller\design.cpp(1593): warning C4996: 'strtok': This function or variable may be unsafe. Consider using strtok_s instead. To disable deprecation, use _CRT_SECURE_NO_WARNINGS. See online help for details.
                 c:\program files\microsoft visual studio 10.0\vc\include\string.h(197) : see declaration of 'strtok'
     1>c:\users\zentic\documents\seneca\gam666\dps901_103rep10\trunk\assignment 2 group submission\tenth floor maze\tenth floor maze\controller\design.cpp(1598): warning C4996: 'strtok': This function or variable may be unsafe. Consider using strtok_s instead. To disable deprecation, use _CRT_SECURE_NO_WARNINGS. See online help for details.
                 c:\program files\microsoft visual studio 10.0\vc\include\string.h(197) : see declaration of 'strtok'
     1>c:\users\zentic\documents\seneca\gam666\dps901_103rep10\trunk\assignment 2 group submission\tenth floor maze\tenth floor maze\controller\design.cpp(1622): warning C4996: 'strtok': This function or variable may be unsafe. Consider using strtok_s instead. To disable deprecation, use _CRT_SECURE_NO_WARNINGS. See online help for details.
                 c:\program files\microsoft visual studio 10.0\vc\include\string.h(197) : see declaration of 'strtok'
     1>c:\users\zentic\documents\seneca\gam666\dps901_103rep10\trunk\assignment 2 group submission\tenth floor maze\tenth floor maze\controller\design.cpp(1626): warning C4996: 'strtok': This function or variable may be unsafe. Consider using strtok_s instead. To disable deprecation, use _CRT_SECURE_NO_WARNINGS. See online help for details.
                 c:\program files\microsoft visual studio 10.0\vc\include\string.h(197) : see declaration of 'strtok'
     1>c:\users\zentic\documents\seneca\gam666\dps901_103rep10\trunk\assignment 2 group submission\tenth floor maze\tenth floor maze\controller\design.cpp(1629): warning C4996: 'strtok': This function or variable may be unsafe. Consider using strtok_s instead. To disable deprecation, use _CRT_SECURE_NO_WARNINGS. See online help for details.
                 c:\program files\microsoft visual studio 10.0\vc\include\string.h(197) : see declaration of 'strtok'
     1>c:\users\zentic\documents\seneca\gam666\dps901_103rep10\trunk\assignment 2 group submission\tenth floor maze\tenth floor maze\controller\design.cpp(1634): warning C4996: 'strtok': This function or variable may be unsafe. Consider using strtok_s instead. To disable deprecation, use _CRT_SECURE_NO_WARNINGS. See online help for details.
                 c:\program files\microsoft visual studio 10.0\vc\include\string.h(197) : see declaration of 'strtok'
     1>c:\users\zentic\documents\seneca\gam666\dps901_103rep10\trunk\assignment 2 group submission\tenth floor maze\tenth floor maze\controller\design.cpp(1705): warning C4996: 'fopen': This function or variable may be unsafe. Consider using fopen_s instead. To disable deprecation, use _CRT_SECURE_NO_WARNINGS. See online help for details.
                 c:\program files\microsoft visual studio 10.0\vc\include\stdio.h(234) : see declaration of 'fopen'
       ResourceCompile:
         All outputs are up-to-date.
       ManifestResourceCompile:
         All outputs are up-to-date.
       Link:
         C:\Program Files\Microsoft Visual Studio 10.0\VC\bin\link.exe /ERRORREPORT:PROMPT /OUT:"C:\Users\Zentic\Documents\Seneca\GAM666\dps901_103rep10\trunk\Assignment 2 Group Submission\Tenth Floor Maze\Tenth Floor Maze\Debug\10thFloor.exe" /INCREMENTAL /NOLOGO d3d9.lib d3dx9.lib dsound.lib dinput8.lib winmm.lib kernel32.lib user32.lib gdi32.lib winspool.lib comdlg32.lib advapi32.lib shell32.lib ole32.lib oleaut32.lib uuid.lib odbc32.lib odbccp32.lib /MANIFEST /ManifestFile:"Debug\10thFloor.exe.intermediate.manifest" /MANIFESTUAC:"level='asInvoker' uiAccess='false'" /DEBUG /PDB:"C:\Users\Zentic\Documents\Seneca\GAM666\dps901_103rep10\trunk\Assignment 2 Group Submission\Tenth Floor Maze\Tenth Floor Maze\Debug\10thFloor.pdb" /SUBSYSTEM:WINDOWS /TLBID:1 /DYNAMICBASE /NXCOMPAT /IMPLIB:"C:\Users\Zentic\Documents\Seneca\GAM666\dps901_103rep10\trunk\Assignment 2 Group Submission\Tenth Floor Maze\Tenth Floor Maze\Debug\10thFloor.lib" /MACHINE:X86 Debug\Dialog.res
         Debug\10thFloor.exe.embed.manifest.res
         Debug\Audio.obj
         Debug\Camera.obj
         Debug\Context.obj
         Debug\Design.obj
         Debug\DeviceLight.obj
         Debug\DeviceTexture.obj
         Debug\Display.obj
         Debug\Engine.obj
         Debug\Entry.obj
         Debug\Environment.obj
         Debug\Font.obj
         Debug\Frame.obj
         Debug\Framework.obj
         Debug\Graphic.obj
         Debug\HUD.obj
         Debug\HUDTexture.obj
         Debug\Input.obj
         Debug\Light.obj
         Debug\Lighting.obj
         Debug\Object.obj
         Debug\Scene.obj
         Debug\Segment.obj
         Debug\Sound.obj
         Debug\SoundCard.obj
         Debug\Text.obj
         Debug\Texture.obj
         Debug\UserDialog.obj
         Debug\Utilities.obj
         Debug\VertexList.obj
         Debug\Viewing.obj
         Debug\Window.obj
       Manifest:
         C:\Program Files\Microsoft SDKs\Windows\v7.0A\bin\mt.exe /nologo /verbose /out:"Debug\10thFloor.exe.embed.manifest" /manifest Debug\10thFloor.exe.intermediate.manifest
         All outputs are up-to-date.
       LinkEmbedManifest:
         All outputs are up-to-date.
         Controller.vcxproj -> C:\Users\Zentic\Documents\Seneca\GAM666\dps901_103rep10\trunk\Assignment 2 Group Submission\Tenth Floor Maze\Tenth Floor Maze\Debug\10thFloor.exe
       FinalizeBuildStatus:
         Deleting file "Debug\10thFloor.unsuccessfulbuild".
         Touching "Debug\10thFloor.lastbuildstate".
     1>Done Building Project "C:\Users\Zentic\Documents\Seneca\GAM666\dps901_103rep10\trunk\Assignment 2 Group Submission\Tenth Floor Maze\Tenth Floor Maze\Controller\Controller.vcxproj" (build target(s)).

Build succeeded.

Time Elapsed 00:00:09.12
